<?xml version="1.0" encoding="UTF-8"?>
<testng-results ignored="0" total="2" passed="2" failed="0" skipped="0">
  <reporter-output>
  </reporter-output>
  <suite started-at="2022-12-22T16:28:17 IST" name="Default suite" finished-at="2022-12-22T16:29:09 IST" duration-ms="52851">
    <groups>
    </groups>
    <test started-at="2022-12-22T16:28:17 IST" name="Default test" finished-at="2022-12-22T16:29:09 IST" duration-ms="52851">
      <class name="neoStoxTest.ValidateNeoStoxAccBalance2">
        <test-method is-config="true" signature="launchNeoStox()[pri:0, instance:neoStoxTest.ValidateNeoStoxAccBalance2@17497425]" started-at="2022-12-22T16:28:17 IST" name="launchNeoStox" finished-at="2022-12-22T16:28:32 IST" duration-ms="15514" status="PASS">
          <reporter-output>
          </reporter-output>
        </test-method> <!-- launchNeoStox -->
        <test-method is-config="true" signature="logintoNeoStox()[pri:0, instance:neoStoxTest.ValidateNeoStoxAccBalance2@17497425]" started-at="2022-12-22T16:28:32 IST" name="logintoNeoStox" finished-at="2022-12-22T16:28:46 IST" duration-ms="14151" status="PASS">
          <reporter-output>
          </reporter-output>
        </test-method> <!-- logintoNeoStox -->
        <test-method signature="validateUserID()[pri:-1, instance:neoStoxTest.ValidateNeoStoxAccBalance2@17497425]" started-at="2022-12-22T16:28:46 IST" name="validateUserID" finished-at="2022-12-22T16:28:47 IST" duration-ms="274" status="PASS">
          <reporter-output>
          </reporter-output>
        </test-method> <!-- validateUserID -->
        <test-method is-config="true" signature="logOutFromNeoStox()[pri:0, instance:neoStoxTest.ValidateNeoStoxAccBalance2@17497425]" started-at="2022-12-22T16:28:47 IST" name="logOutFromNeoStox" finished-at="2022-12-22T16:28:52 IST" duration-ms="5230" status="PASS">
          <reporter-output>
          </reporter-output>
        </test-method> <!-- logOutFromNeoStox -->
        <test-method is-config="true" signature="logintoNeoStox()[pri:0, instance:neoStoxTest.ValidateNeoStoxAccBalance2@17497425]" started-at="2022-12-22T16:28:52 IST" name="logintoNeoStox" finished-at="2022-12-22T16:29:03 IST" duration-ms="11570" status="PASS">
          <reporter-output>
          </reporter-output>
        </test-method> <!-- logintoNeoStox -->
        <test-method signature="validateAccBalance()[pri:0, instance:neoStoxTest.ValidateNeoStoxAccBalance2@17497425]" started-at="2022-12-22T16:29:03 IST" name="validateAccBalance" finished-at="2022-12-22T16:29:04 IST" duration-ms="205" status="PASS">
          <reporter-output>
          </reporter-output>
        </test-method> <!-- validateAccBalance -->
        <test-method is-config="true" signature="logOutFromNeoStox()[pri:0, instance:neoStoxTest.ValidateNeoStoxAccBalance2@17497425]" started-at="2022-12-22T16:29:04 IST" name="logOutFromNeoStox" finished-at="2022-12-22T16:29:09 IST" duration-ms="5327" status="PASS">
          <reporter-output>
          </reporter-output>
        </test-method> <!-- logOutFromNeoStox -->
        <test-method is-config="true" signature="closeBrowser()[pri:0, instance:neoStoxTest.ValidateNeoStoxAccBalance2@17497425]" started-at="2022-12-22T16:29:09 IST" name="closeBrowser" finished-at="2022-12-22T16:29:09 IST" duration-ms="475" status="PASS">
          <reporter-output>
          </reporter-output>
        </test-method> <!-- closeBrowser -->
      </class> <!-- neoStoxTest.ValidateNeoStoxAccBalance2 -->
    </test> <!-- Default test -->
  </suite> <!-- Default suite -->
</testng-results>
